<?xml version="1.0" encoding="UTF-8"?>
<!-- Generated by org.testng.reporters.JUnitXMLReporter -->
<testsuite ignored="0" hostname="DESKTOP-N749LR5" failures="0" tests="3" name="Default test" time="11.926" errors="0" timestamp="2024-06-01T06:59:50 EDT">
  <testcase classname="dataDriven.excelDataProvider.DataProvide" name="testCaseData" time="1.283"/>
  <testcase classname="dataDriven.excelDataProvider.DataProvide" name="testCaseData" time="0.649"/>
  <testcase classname="dataDriven.excelDataProvider.DataProvide" name="testCaseData" time="0.603"/>
</testsuite> <!-- Default test -->
