<?xml version="1.0" encoding="UTF-8"?>
<testng-results ignored="0" total="3" passed="3" failed="0" skipped="0">
  <reporter-output>
  </reporter-output>
  <suite started-at="2024-06-01T06:59:38 EDT" name="Default suite" finished-at="2024-06-01T06:59:50 EDT" duration-ms="11926">
    <groups>
    </groups>
    <test started-at="2024-06-01T06:59:38 EDT" name="Default test" finished-at="2024-06-01T06:59:50 EDT" duration-ms="11926">
      <class name="dataDriven.excelDataProvider.DataProvide">
        <test-method signature="testCaseData(java.lang.String,java.lang.String,java.lang.String)[pri:0, instance:dataDriven.excelDataProvider.DataProvide@1e6a3214]" started-at="2024-06-01T06:59:45 EDT" name="testCaseData" data-provider="driveTest" finished-at="2024-06-01T06:59:47 EDT" duration-ms="1283" status="PASS">
          <params>
            <param index="0">
              <value>
                <![CDATA[Greeting]]>
              </value>
            </param>
            <param index="1">
              <value>
                <![CDATA[Commuincation]]>
              </value>
            </param>
            <param index="2">
              <value>
                <![CDATA[Id]]>
              </value>
            </param>
          </params>
          <reporter-output>
          </reporter-output>
        </test-method> <!-- testCaseData -->
        <test-method signature="testCaseData(java.lang.String,java.lang.String,java.lang.String)[pri:0, instance:dataDriven.excelDataProvider.DataProvide@1e6a3214]" started-at="2024-06-01T06:59:48 EDT" name="testCaseData" data-provider="driveTest" finished-at="2024-06-01T06:59:49 EDT" duration-ms="649" status="PASS">
          <params>
            <param index="0">
              <value>
                <![CDATA[hello]]>
              </value>
            </param>
            <param index="1">
              <value>
                <![CDATA[test]]>
              </value>
            </param>
            <param index="2">
              <value>
                <![CDATA[1]]>
              </value>
            </param>
          </params>
          <reporter-output>
          </reporter-output>
        </test-method> <!-- testCaseData -->
        <test-method signature="testCaseData(java.lang.String,java.lang.String,java.lang.String)[pri:0, instance:dataDriven.excelDataProvider.DataProvide@1e6a3214]" started-at="2024-06-01T06:59:49 EDT" name="testCaseData" data-provider="driveTest" finished-at="2024-06-01T06:59:50 EDT" duration-ms="603" status="PASS">
          <params>
            <param index="0">
              <value>
                <![CDATA[Namaskara]]>
              </value>
            </param>
            <param index="1">
              <value>
                <![CDATA[message]]>
              </value>
            </param>
            <param index="2">
              <value>
                <![CDATA[2]]>
              </value>
            </param>
          </params>
          <reporter-output>
          </reporter-output>
        </test-method> <!-- testCaseData -->
      </class> <!-- dataDriven.excelDataProvider.DataProvide -->
    </test> <!-- Default test -->
  </suite> <!-- Default suite -->
</testng-results>
